0 verbose cli /opt/homebrew/Cellar/node/25.1.0_1/bin/node /opt/homebrew/bin/npm
1 info using npm@11.6.2
2 info using node@v25.1.0
3 silly config load:file:/opt/homebrew/lib/node_modules/npm/npmrc
4 silly config load:file:/Users/lucaalbertogiorgi/Desktop/CS_PORTFOLIO/portfolio website/chanhdai.com-main/.npmrc
5 warn Unknown project config "public-hoist-pattern". This will stop working in the next major version of npm.
6 silly config load:file:/Users/lucaalbertogiorgi/.npmrc
7 silly config load:file:/opt/homebrew/etc/npmrc
8 verbose title npm install
9 verbose argv "install" "--cache" ".npm-cache" "--loglevel" "error"
10 verbose logfile logs-max:10 dir:/Users/lucaalbertogiorgi/Desktop/CS_PORTFOLIO/portfolio website/chanhdai.com-main/.npm-cache/_logs/2026-01-20T23_19_15_594Z-
11 verbose logfile /Users/lucaalbertogiorgi/Desktop/CS_PORTFOLIO/portfolio website/chanhdai.com-main/.npm-cache/_logs/2026-01-20T23_19_15_594Z-debug-0.log
12 silly logfile done cleaning log files
13 verbose cwd /Users/lucaalbertogiorgi/Desktop/CS_PORTFOLIO/portfolio website/chanhdai.com-main
14 verbose os Darwin 25.1.0
15 verbose node v25.1.0
16 verbose npm  v11.6.2
17 verbose exit 1
18 verbose code 1
19 error A complete log of this run can be found in: /Users/lucaalbertogiorgi/Desktop/CS_PORTFOLIO/portfolio website/chanhdai.com-main/.npm-cache/_logs/2026-01-20T23_19_15_594Z-debug-0.log
